<?xml version="1.0" encoding="utf-8" standalone="no"?>
<!--This file represents the results of running a test suite-->
<test-results name="C:\Users\Spobiega\Documents\Visual Studio 2010\Projects\ncqrs-git\lib\debug\Ncqrs.Tests\Ncqrs.Tests.dll" total="240" errors="0" failures="3" not-run="4" inconclusive="0" ignored="4" skipped="0" invalid="0" date="2011-02-14" time="21:58:16">
  <environment nunit-version="2.5.9.10348" clr-version="2.0.50727.4952" os-version="Microsoft Windows NT 6.1.7600.0" platform="Win32NT" cwd="C:\Users\Spobiega\Documents\Visual Studio 2010\Projects\ncqrs-git" machine-name="PN-SPOBIEGA-01" user="SPobiega" user-domain="CORP" />
  <culture-info current-culture="pl-PL" current-uiculture="en-US" />
  <test-suite type="Assembly" name="C:\Users\Spobiega\Documents\Visual Studio 2010\Projects\ncqrs-git\lib\debug\Ncqrs.Tests\Ncqrs.Tests.dll" executed="True" result="Failure" success="False" time="7.406" asserts="0">
    <results>
      <test-suite type="Namespace" name="Ncqrs" executed="True" result="Failure" success="False" time="7.357" asserts="0">
        <results>
          <test-suite type="Namespace" name="Eventing" executed="True" result="Success" success="True" time="0.504" asserts="0">
            <results>
              <test-suite type="Namespace" name="Storage" executed="True" result="Success" success="True" time="0.501" asserts="0">
                <results>
                  <test-suite type="Namespace" name="NoDB" executed="True" result="Success" success="True" time="0.500" asserts="0">
                    <results>
                      <test-suite type="Namespace" name="Tests" executed="True" result="Success" success="True" time="0.497" asserts="0">
                        <results>
                          <test-suite type="Namespace" name="SnapshotStoreTests" executed="True" result="Success" success="True" time="0.496" asserts="0">
                            <results>
                              <test-suite type="TestFixture" name="when_getting_the_snapshot" executed="True" result="Success" success="True" time="0.478" asserts="0">
                                <results>
                                  <test-case name="Ncqrs.Eventing.Storage.NoDB.Tests.SnapshotStoreTests.when_getting_the_snapshot.it_should_get_the_last_snapshot_saved" executed="True" result="Success" success="True" time="0.030" asserts="1" />
                                  <test-case name="Ncqrs.Eventing.Storage.NoDB.Tests.SnapshotStoreTests.when_getting_the_snapshot.it_should_return_null_if_the_snapshot_does_not_exist" executed="True" result="Success" success="True" time="0.002" asserts="1" />
                                </results>
                              </test-suite>
                              <test-suite type="TestFixture" name="when_saving_a_new_snapshot" executed="True" result="Success" success="True" time="0.009" asserts="0">
                                <results>
                                  <test-case name="Ncqrs.Eventing.Storage.NoDB.Tests.SnapshotStoreTests.when_saving_a_new_snapshot.it_should_create_the_snapshot_file" executed="True" result="Success" success="True" time="0.001" asserts="1" />
                                  <test-case name="Ncqrs.Eventing.Storage.NoDB.Tests.SnapshotStoreTests.when_saving_a_new_snapshot.it_should_write_the_snapshot_to_the_snapshot_file" executed="True" result="Success" success="True" time="0.005" asserts="1" />
                                </results>
                              </test-suite>
                            </results>
                          </test-suite>
                        </results>
                      </test-suite>
                    </results>
                  </test-suite>
                </results>
              </test-suite>
            </results>
          </test-suite>
          <test-suite type="Namespace" name="Tests" executed="True" result="Failure" success="False" time="6.848" asserts="0">
            <results>
              <test-suite type="TestFixture" name="BasicGuidGeneratorSpecs" executed="True" result="Success" success="True" time="0.100" asserts="0">
                <results>
                  <test-case name="Ncqrs.Tests.BasicGuidGeneratorSpecs.When_getting_a_new_identifier_it_should_not_be_empty" executed="True" result="Success" success="True" time="0.050" asserts="0" />
                  <test-case name="Ncqrs.Tests.BasicGuidGeneratorSpecs.When_getting_a_new_identifier_multiple_times_they_should_all_be_unique" executed="True" result="Success" success="True" time="0.044" asserts="0" />
                  <test-case name="Ncqrs.Tests.BasicGuidGeneratorSpecs.When_getting_a_new_identifier_twice_they_should_not_be_the_same" executed="True" result="Success" success="True" time="0.005" asserts="0" />
                </results>
              </test-suite>
              <test-suite type="Namespace" name="Commanding" executed="True" result="Success" success="True" time="2.573" asserts="0">
                <results>
                  <test-suite type="TestFixture" name="CommandBasedTests" executed="True" result="Success" success="True" time="0.414" asserts="0">
                    <results>
                      <test-case name="Ncqrs.Tests.Commanding.CommandBasedTests.Constructing_with_a_direct_id_should_set_the_given_value" executed="True" result="Success" success="True" time="0.005" asserts="0" />
                      <test-case name="Ncqrs.Tests.Commanding.CommandBasedTests.Constructing_with_custom_generator_should_it_to_generate_id" executed="True" result="Success" success="True" time="0.327" asserts="0" />
                      <test-case name="Ncqrs.Tests.Commanding.CommandBasedTests.Constructing_without_any_parameters_should_use_IUniqueIdentifierGenerator_to_generate_id" executed="True" result="Success" success="True" time="0.081" asserts="0" />
                    </results>
                  </test-suite>
                  <test-suite type="Namespace" name="CommandExecution" executed="True" result="Success" success="True" time="2.031" asserts="0">
                    <results>
                      <test-suite type="TestFixture" name="CommandExecutorWrapperTests" executed="True" result="Success" success="True" time="0.022" asserts="0">
                        <results>
                          <test-case name="Ncqrs.Tests.Commanding.CommandExecution.CommandExecutorWrapperTests.Constructing_it_with_a_null_action_should_throw" executed="True" result="Success" success="True" time="0.015" asserts="0" />
                          <test-case name="Ncqrs.Tests.Commanding.CommandExecution.CommandExecutorWrapperTests.Executig_it_should_redirect_call_to_initialized_action" executed="True" result="Success" success="True" time="0.004" asserts="0" />
                          <test-case name="Ncqrs.Tests.Commanding.CommandExecution.CommandExecutorWrapperTests.Executig_it_should_redirect_the_given_command_to_initialized_action" executed="True" result="Success" success="True" time="0.002" asserts="0" />
                        </results>
                      </test-suite>
                      <test-suite type="TestFixture" name="CreatingCommandExecutorTests" executed="True" result="Success" success="True" time="0.071" asserts="0">
                        <results>
                          <test-case name="Ncqrs.Tests.Commanding.CommandExecution.CreatingCommandExecutorTests.Constructing_it_with_creating_action_not_throw" executed="True" result="Success" success="True" time="0.001" asserts="0" />
                          <test-case name="Ncqrs.Tests.Commanding.CommandExecution.CreatingCommandExecutorTests.Constructing_it_with_null_arg_should_throw" executed="True" result="Success" success="True" time="0.001" asserts="0" />
                          <test-case name="Ncqrs.Tests.Commanding.CommandExecution.CreatingCommandExecutorTests.Executing_it_should_commit_unit_of_work" executed="True" result="Success" success="True" time="0.063" asserts="0" />
                          <test-case name="Ncqrs.Tests.Commanding.CommandExecution.CreatingCommandExecutorTests.Executing_it_should_create_unit_of_work_with_factory" executed="True" result="Success" success="True" time="0.002" asserts="0" />
                          <test-case name="Ncqrs.Tests.Commanding.CommandExecution.CreatingCommandExecutorTests.Executing_it_should_invoke_action" executed="True" result="Success" success="True" time="0.003" asserts="0" />
                        </results>
                      </test-suite>
                      <test-suite type="TestFixture" name="DirectActionCommandExecutorTests" executed="True" result="Success" success="True" time="0.068" asserts="0">
                        <results>
                          <test-case name="Ncqrs.Tests.Commanding.CommandExecution.DirectActionCommandExecutorTests.Constructing_it_with_correct_args_should_not_throw" executed="True" result="Success" success="True" time="0.003" asserts="0" />
                          <test-case name="Ncqrs.Tests.Commanding.CommandExecution.DirectActionCommandExecutorTests.Constructing_it_with_null_arg_for_function_should_throw" executed="True" result="Success" success="True" time="0.001" asserts="0" />
                          <test-case name="Ncqrs.Tests.Commanding.CommandExecution.DirectActionCommandExecutorTests.Constructing_it_with_null_arg_for_getId_function_should_throw" executed="True" result="Success" success="True" time="0.001" asserts="0" />
                          <test-case name="Ncqrs.Tests.Commanding.CommandExecution.DirectActionCommandExecutorTests.Executing_it_should_commit_unit_of_work" executed="True" result="Success" success="True" time="0.005" asserts="0" />
                          <test-case name="Ncqrs.Tests.Commanding.CommandExecution.DirectActionCommandExecutorTests.Executing_it_should_create_unit_of_work_with_factory" executed="True" result="Success" success="True" time="0.003" asserts="0" />
                          <test-case name="Ncqrs.Tests.Commanding.CommandExecution.DirectActionCommandExecutorTests.Executing_it_should_GetById_of_context_to_get_agg_root" executed="True" result="Success" success="True" time="0.047" asserts="0" />
                          <test-case name="Ncqrs.Tests.Commanding.CommandExecution.DirectActionCommandExecutorTests.Executing_it_should_invoke_action" executed="True" result="Success" success="True" time="0.004" asserts="0" />
                          <test-case name="Ncqrs.Tests.Commanding.CommandExecution.DirectActionCommandExecutorTests.Executing_it_should_invoke_getId" executed="True" result="Success" success="True" time="0.003" asserts="0" />
                        </results>
                      </test-suite>
                      <test-suite type="Namespace" name="Mapping" executed="True" result="Success" success="True" time="1.831" asserts="0">
                        <results>
                          <test-suite type="Namespace" name="Attributes" executed="True" result="Success" success="True" time="1.756" asserts="0">
                            <results>
                              <test-suite type="TestFixture" name="AggregateRootIdAttributeTests" executed="True" result="Success" success="True" time="0.001" asserts="0">
                                <results>
                                  <test-case name="Ncqrs.Tests.Commanding.CommandExecution.Mapping.Attributes.AggregateRootIdAttributeTests.It_should_be_a_subclass_of_ExcludeInMappingAttribute" executed="True" result="Success" success="True" time="0.001" asserts="0" />
                                </results>
                              </test-suite>
                              <test-suite type="TestFixture" name="AttributeBasedCommandMapperTests" executed="True" result="Success" success="True" time="1.597" asserts="0">
                                <results>
                                  <test-case name="Ncqrs.Tests.Commanding.CommandExecution.Mapping.Attributes.AttributeBasedCommandMapperTests.Creating_executor_with_runtime_determed_type_should_create_working_executor" executed="True" result="Success" success="True" time="1.589" asserts="0" />
                                  <test-case name="Ncqrs.Tests.Commanding.CommandExecution.Mapping.Attributes.AttributeBasedCommandMapperTests.IsCommandMapped_should_return_false_for_correct_command_types_but_that_does__not_have_the_required_attribute" executed="True" result="Success" success="True" time="0.004" asserts="0" />
                                  <test-case name="Ncqrs.Tests.Commanding.CommandExecution.Mapping.Attributes.AttributeBasedCommandMapperTests.IsCommandMapped_should_return_false_for_non_command_types" executed="True" result="Success" success="True" time="0.000" asserts="0" />
                                  <test-case name="Ncqrs.Tests.Commanding.CommandExecution.Mapping.Attributes.AttributeBasedCommandMapperTests.IsCommandMapped_should_return_false_for_non_command_types_that_do_have_the_required_attribute" executed="True" result="Success" success="True" time="0.000" asserts="0" />
                                  <test-case name="Ncqrs.Tests.Commanding.CommandExecution.Mapping.Attributes.AttributeBasedCommandMapperTests.IsCommandMapped_should_return_true_for_correct_command_types_with_correct_attribute" executed="True" result="Success" success="True" time="0.001" asserts="0" />
                                </results>
                              </test-suite>
                              <test-suite type="TestFixture" name="AttributeCommandMappingTests" executed="True" result="Success" success="True" time="0.152" asserts="0">
                                <results>
                                  <test-case name="Ncqrs.Tests.Commanding.CommandExecution.Mapping.Attributes.AttributeCommandMappingTests.Command_decorated_with_Transactional_attribute_mapped_to_constructor_should_be_executed_in_context_of_transaction" executed="True" result="Success" success="True" time="0.109" asserts="1" />
                                  <test-case name="Ncqrs.Tests.Commanding.CommandExecution.Mapping.Attributes.AttributeCommandMappingTests.Command_decorated_with_Transactional_attribute_mapped_to_method_should_be_executed_in_context_of_transaction" executed="True" result="Success" success="True" time="0.011" asserts="1" />
                                  <test-case name="Ncqrs.Tests.Commanding.CommandExecution.Mapping.Attributes.AttributeCommandMappingTests.Command_should_create_new_aggregate_root" executed="True" result="Success" success="True" time="0.003" asserts="0" />
                                  <test-case name="Ncqrs.Tests.Commanding.CommandExecution.Mapping.Attributes.AttributeCommandMappingTests.Command_should_create_new_complex_aggregate_root_using_implicit_parameter_mappings" executed="True" result="Success" success="True" time="0.006" asserts="0" />
                                  <test-case name="Ncqrs.Tests.Commanding.CommandExecution.Mapping.Attributes.AttributeCommandMappingTests.Command_should_create_new_complex_aggregate_root_using_mixed_parameter_mappings" executed="True" result="Success" success="True" time="0.008" asserts="0" />
                                  <test-case name="Ncqrs.Tests.Commanding.CommandExecution.Mapping.Attributes.AttributeCommandMappingTests.Command_should_create_new_complex_aggregate_root_using_name_parameter_mappings" executed="True" result="Success" success="True" time="0.003" asserts="0" />
                                  <test-case name="Ncqrs.Tests.Commanding.CommandExecution.Mapping.Attributes.AttributeCommandMappingTests.Command_should_create_new_complex_aggregate_root_using_ordinal_parameter_mappings" executed="True" result="Success" success="True" time="0.004" asserts="0" />
                                  <test-case name="Ncqrs.Tests.Commanding.CommandExecution.Mapping.Attributes.AttributeCommandMappingTests.Command_should_throw_an_exception_when_the_command_is_not_mapped" executed="True" result="Success" success="True" time="0.002" asserts="0" />
                                  <test-case name="Ncqrs.Tests.Commanding.CommandExecution.Mapping.Attributes.AttributeCommandMappingTests.Command_should_update_the_title_of_the_aggregate_root" executed="True" result="Success" success="True" time="0.003" asserts="0" />
                                </results>
                              </test-suite>
                            </results>
                          </test-suite>
                          <test-suite type="Namespace" name="Fluent" executed="True" result="Success" success="True" time="0.040" asserts="0">
                            <results>
                              <test-suite type="TestFixture" name="FluentCommandMappingTests" executed="True" result="Success" success="True" time="0.039" asserts="0">
                                <results>
                                  <test-case name="Ncqrs.Tests.Commanding.CommandExecution.Mapping.Fluent.FluentCommandMappingTests.Command_should_create_new_aggregate_root" executed="True" result="Success" success="True" time="0.028" asserts="0" />
                                  <test-case name="Ncqrs.Tests.Commanding.CommandExecution.Mapping.Fluent.FluentCommandMappingTests.Command_should_throw_an_exception_when_the_command_is_not_mapped" executed="True" result="Success" success="True" time="0.003" asserts="0" />
                                  <test-case name="Ncqrs.Tests.Commanding.CommandExecution.Mapping.Fluent.FluentCommandMappingTests.Command_should_update_the_title_of_the_aggregate_root" executed="True" result="Success" success="True" time="0.006" asserts="0" />
                                </results>
                              </test-suite>
                            </results>
                          </test-suite>
                          <test-suite type="TestFixture" name="MappingForCommandNotFoundExceptionTests" executed="True" result="Success" success="True" time="0.025" asserts="0">
                            <results>
                              <test-case name="Ncqrs.Tests.Commanding.CommandExecution.Mapping.MappingForCommandNotFoundExceptionTests.Constructing_an_instance_should_initialize_the_command" executed="True" result="Success" success="True" time="0.018" asserts="0" />
                              <test-case name="Ncqrs.Tests.Commanding.CommandExecution.Mapping.MappingForCommandNotFoundExceptionTests.Constructing_an_instance_should_initialize_the_inner_exception" executed="True" result="Success" success="True" time="0.001" asserts="0" />
                              <test-case name="Ncqrs.Tests.Commanding.CommandExecution.Mapping.MappingForCommandNotFoundExceptionTests.Constructing_an_instance_should_initialize_the_message" executed="True" result="Success" success="True" time="0.001" asserts="0" />
                              <test-case name="Ncqrs.Tests.Commanding.CommandExecution.Mapping.MappingForCommandNotFoundExceptionTests.It_should_be_serializable" executed="True" result="Success" success="True" time="0.003" asserts="0" />
                            </results>
                          </test-suite>
                        </results>
                      </test-suite>
                      <test-suite type="TestFixture" name="TransactionalCommandExecutorWrapperTests" executed="True" result="Success" success="True" time="0.028" asserts="0">
                        <results>
                          <test-case name="Ncqrs.Tests.Commanding.CommandExecution.TransactionalCommandExecutorWrapperTests.When_executing_it_it_should_call_the_executor_given_via_ctor" executed="True" result="Success" success="True" time="0.027" asserts="0" />
                        </results>
                      </test-suite>
                    </results>
                  </test-suite>
                  <test-suite type="TestFixture" name="CommandExecutorBaseTests" executed="True" result="Success" success="True" time="0.009" asserts="0">
                    <results>
                      <test-case name="Ncqrs.Tests.Commanding.CommandExecutorBaseTests.Executing_one_with_a_custom_factory_should_give_context_created_with_that_factory" executed="True" result="Success" success="True" time="0.006" asserts="0" />
                      <test-case name="Ncqrs.Tests.Commanding.CommandExecutorBaseTests.Executing_should_call_ExecuteInContext_with_context_from_factory" executed="True" result="Success" success="True" time="0.001" asserts="0" />
                      <test-case name="Ncqrs.Tests.Commanding.CommandExecutorBaseTests.Executing_should_call_ExecuteInContext_with_given_command" executed="True" result="Success" success="True" time="0.000" asserts="0" />
                    </results>
                  </test-suite>
                  <test-suite type="TestFixture" name="ExecutorForCommandNotFoundExceptionTests" executed="True" result="Success" success="True" time="0.005" asserts="0">
                    <results>
                      <test-case name="Ncqrs.Tests.Commanding.ExecutorForCommandNotFoundExceptionTests.Constructing_an_instance_should_initialize_the_inner_exception" executed="True" result="Success" success="True" time="0.001" asserts="0" />
                      <test-case name="Ncqrs.Tests.Commanding.ExecutorForCommandNotFoundExceptionTests.Constructing_an_instance_should_initialize_the_instance_type" executed="True" result="Success" success="True" time="0.001" asserts="0" />
                      <test-case name="Ncqrs.Tests.Commanding.ExecutorForCommandNotFoundExceptionTests.Constructing_an_instance_should_initialize_the_message" executed="True" result="Success" success="True" time="0.000" asserts="0" />
                      <test-case name="Ncqrs.Tests.Commanding.ExecutorForCommandNotFoundExceptionTests.It_should_be_serializable" executed="True" result="Success" success="True" time="0.002" asserts="0" />
                    </results>
                  </test-suite>
                  <test-suite type="Namespace" name="ServiceModel" executed="True" result="Success" success="True" time="0.076" asserts="0">
                    <results>
                      <test-suite type="TestFixture" name="CommandServiceBaseTests" executed="True" result="Success" success="True" time="0.073" asserts="0">
                        <results>
                          <test-case name="Ncqrs.Tests.Commanding.ServiceModel.CommandServiceBaseTests.All_interceptors_should_be_called_after_execution" executed="True" result="Success" success="True" time="0.064" asserts="0" />
                          <test-case name="Ncqrs.Tests.Commanding.ServiceModel.CommandServiceBaseTests.All_interceptors_should_be_called_before_execution" executed="True" result="Success" success="True" time="0.003" asserts="0" />
                          <test-case name="Ncqrs.Tests.Commanding.ServiceModel.CommandServiceBaseTests.Executing_command_should_executure_correct_handler_with_it" executed="True" result="Success" success="True" time="0.004" asserts="0" />
                          <test-case name="Ncqrs.Tests.Commanding.ServiceModel.CommandServiceBaseTests.Executing_command_with_no_handler_should_cause_exception" executed="True" result="Success" success="True" time="0.002" asserts="0" />
                        </results>
                      </test-suite>
                    </results>
                  </test-suite>
                  <test-suite type="TestFixture" name="TransactionalCommandExecutorWrapperTests" executed="True" result="Success" success="True" time="0.021" asserts="0">
                    <results>
                      <test-case name="Ncqrs.Tests.Commanding.TransactionalCommandExecutorWrapperTests.Executing_a_command_with_it_should_call_the_executor_that_was_set_at_construct" executed="True" result="Success" success="True" time="0.021" asserts="0" />
                    </results>
                  </test-suite>
                </results>
              </test-suite>
              <test-suite type="Namespace" name="Config" executed="True" result="Success" success="True" time="0.012" asserts="0">
                <results>
                  <test-suite type="TestFixture" name="InstanceNotFoundInEnvironmentConfigurationExceptionTests" executed="True" result="Success" success="True" time="0.009" asserts="0">
                    <results>
                      <test-case name="Ncqrs.Tests.Config.InstanceNotFoundInEnvironmentConfigurationExceptionTests.Constructing_an_instance_should_initialize_the_inner_exception" executed="True" result="Success" success="True" time="0.001" asserts="0" />
                      <test-case name="Ncqrs.Tests.Config.InstanceNotFoundInEnvironmentConfigurationExceptionTests.Constructing_an_instance_should_initialize_the_instance_type" executed="True" result="Success" success="True" time="0.001" asserts="0" />
                      <test-case name="Ncqrs.Tests.Config.InstanceNotFoundInEnvironmentConfigurationExceptionTests.Constructing_an_instance_should_initialize_the_message" executed="True" result="Success" success="True" time="0.004" asserts="0" />
                      <test-case name="Ncqrs.Tests.Config.InstanceNotFoundInEnvironmentConfigurationExceptionTests.It_should_be_serializable" executed="True" result="Success" success="True" time="0.002" asserts="0" />
                    </results>
                  </test-suite>
                </results>
              </test-suite>
              <test-suite type="TestFixture" name="DateTimeBasedClockSpecs" executed="True" result="Success" success="True" time="0.005" asserts="0">
                <results>
                  <test-case name="Ncqrs.Tests.DateTimeBasedClockSpecs.When_getting_the_current_time_it_should_be_a_utc_kind" executed="True" result="Success" success="True" time="0.000" asserts="0" />
                  <test-case name="Ncqrs.Tests.DateTimeBasedClockSpecs.When_getting_the_current_time_it_should_be_the_same_as_the_result_from_the_DateTime_class" executed="True" result="Success" success="True" time="0.003" asserts="0" />
                </results>
              </test-suite>
              <test-suite type="Namespace" name="Domain" executed="True" result="Failure" success="False" time="0.294" asserts="0">
                <results>
                  <test-suite type="TestFixture" name="AggregateRootMappedByConventionTests" executed="True" result="Success" success="True" time="0.033" asserts="0">
                    <results>
                      <test-case name="Ncqrs.Tests.Domain.AggregateRootMappedByConventionTests.Initializing_one_should_set_the_mapping_strategy_to_convention_based" executed="True" result="Success" success="True" time="0.022" asserts="0" />
                      <test-case name="Ncqrs.Tests.Domain.AggregateRootMappedByConventionTests.Method_with_a_wrong_method_name_should_not_be_mapped" executed="True" result="Success" success="True" time="0.003" asserts="0" />
                      <test-case name="Ncqrs.Tests.Domain.AggregateRootMappedByConventionTests.Methods_marked_as_no_event_handler_should_not_be_mapped" executed="True" result="Success" success="True" time="0.002" asserts="0" />
                      <test-case name="Ncqrs.Tests.Domain.AggregateRootMappedByConventionTests.Private_event_handlers_should_be_mapped" executed="True" result="Success" success="True" time="0.002" asserts="0" />
                      <test-case name="Ncqrs.Tests.Domain.AggregateRootMappedByConventionTests.Protected_event_handlers_should_be_mapped" executed="True" result="Success" success="True" time="0.002" asserts="0" />
                      <test-case name="Ncqrs.Tests.Domain.AggregateRootMappedByConventionTests.Public_event_handlers_should_be_mapped" executed="True" result="Success" success="True" time="0.001" asserts="0" />
                    </results>
                  </test-suite>
                  <test-suite type="TestFixture" name="AggregateRootMappedByExpressionTests" executed="True" result="Success" success="True" time="0.028" asserts="0">
                    <results>
                      <test-case name="Ncqrs.Tests.Domain.AggregateRootMappedByExpressionTests.Initializing_one_should_set_the_mapping_strategy_to_convention_based" executed="True" result="Success" success="True" time="0.019" asserts="0" />
                      <test-case name="Ncqrs.Tests.Domain.AggregateRootMappedByExpressionTests.Methods_marked_as_no_event_handler_should_not_be_mapped" executed="True" result="Success" success="True" time="0.003" asserts="0" />
                      <test-case name="Ncqrs.Tests.Domain.AggregateRootMappedByExpressionTests.Private_event_handlers_should_be_mapped" executed="True" result="Success" success="True" time="0.001" asserts="0" />
                      <test-case name="Ncqrs.Tests.Domain.AggregateRootMappedByExpressionTests.Protected_event_handlers_should_be_mapped" executed="True" result="Success" success="True" time="0.002" asserts="0" />
                      <test-case name="Ncqrs.Tests.Domain.AggregateRootMappedByExpressionTests.Public_event_handlers_should_be_mapped" executed="True" result="Success" success="True" time="0.001" asserts="0" />
                    </results>
                  </test-suite>
                  <test-suite type="TestFixture" name="AggregateRootMappedWithAttributesTests" executed="True" result="Success" success="True" time="0.019" asserts="0">
                    <results>
                      <test-case name="Ncqrs.Tests.Domain.AggregateRootMappedWithAttributesTests.Initializing_one_should_set_the_mapping_strategy_to_attributed_based" executed="True" result="Success" success="True" time="0.019" asserts="0" />
                    </results>
                  </test-suite>
                  <test-suite type="TestFixture" name="AggregateRootTests" executed="True" result="Failure" success="False" time="0.074" asserts="0">
                    <results>
                      <test-case name="Ncqrs.Tests.Domain.AggregateRootTests.Accepting_the_changes_should_set_the_initial_version_to_the_new_version" executed="True" result="Success" success="True" time="0.005" asserts="0" />
                      <test-case name="Ncqrs.Tests.Domain.AggregateRootTests.Applying_an_event_should_affect_the_version" executed="True" result="Success" success="True" time="0.002" asserts="0" />
                      <test-case name="Ncqrs.Tests.Domain.AggregateRootTests.Applying_an_event_should_at_it_to_the_uncommited_events" executed="True" result="Success" success="True" time="0.000" asserts="0" />
                      <test-case name="Ncqrs.Tests.Domain.AggregateRootTests.Applying_an_event_should_call_the_event_handler_only_once" executed="True" result="Success" success="True" time="0.000" asserts="0" />
                      <test-case name="Ncqrs.Tests.Domain.AggregateRootTests.Applying_an_event_should_not_effect_the_initial_version" executed="True" result="Success" success="True" time="0.001" asserts="0" />
                      <test-case name="Ncqrs.Tests.Domain.AggregateRootTests.Applying_an_event_to_an_agg_root_with_history_should_call_the_event_handler_only_once" executed="True" result="Success" success="True" time="0.007" asserts="0" />
                      <test-case name="Ncqrs.Tests.Domain.AggregateRootTests.Applying_an_event_when_there_is_no_unit_of_work_should_not_cause_an_exception" executed="True" result="Success" success="True" time="0.002" asserts="0" />
                      <test-case name="Ncqrs.Tests.Domain.AggregateRootTests.Applying_an_event_with_no_handler_should_cause_an_exception" executed="True" result="Success" success="True" time="0.001" asserts="0" />
                      <test-case name="Ncqrs.Tests.Domain.AggregateRootTests.Constructing_it_with_an_id_should_set_that_to_EventSourceId_property" executed="True" result="Success" success="True" time="0.002" asserts="0" />
                      <test-case name="Ncqrs.Tests.Domain.AggregateRootTests.Initializing_from_history_should_not_throw_an_exception_when_the_history_was_empty" executed="True" result="Success" success="True" time="0.001" asserts="0" />
                      <test-case name="Ncqrs.Tests.Domain.AggregateRootTests.Initializing_from_history_should_throw_an_exception_when_the_history_was_null" executed="True" result="Success" success="True" time="0.001" asserts="0" />
                      <test-case name="Ncqrs.Tests.Domain.AggregateRootTests.Initiazling_from_history_with_correct_sequence_should_not_throw_exception" executed="True" result="Success" success="True" time="0.003" asserts="0" />
                      <test-case name="Ncqrs.Tests.Domain.AggregateRootTests.Initiazling_from_wrong_history_with_wrong_sequence_should_throw_exception" executed="True" result="Failure" success="False" time="0.027" asserts="0">
                        <failure>
                          <message><![CDATA[Expected <System.InvalidOperationException>, but no exception was thrown.]]></message>
                          <stack-trace><![CDATA[at FluentAssertions.Frameworks.LateBoundTestFramework.Throw(String message)
at FluentAssertions.ActionAssertions.ShouldThrow[TException](String reason, Object[] reasonParameters)
at Ncqrs.Tests.Domain.AggregateRootTests.Initiazling_from_wrong_history_with_wrong_sequence_should_throw_exception() in C:\Users\Spobiega\Documents\Visual Studio 2010\Projects\ncqrs-git\Framework\src\Ncqrs.Tests\Domain\AggregateRootTests.cs:line 250
]]></stack-trace>
                        </failure>
                      </test-case>
                      <test-case name="Ncqrs.Tests.Domain.AggregateRootTests.Initiazling_from_wrong_history_with_wrong_sequence_should_throw_exception2" executed="True" result="Failure" success="False" time="0.002" asserts="0">
                        <failure>
                          <message><![CDATA[Expected <System.InvalidOperationException>, but no exception was thrown.]]></message>
                          <stack-trace><![CDATA[at FluentAssertions.Frameworks.LateBoundTestFramework.Throw(String message)
at FluentAssertions.ActionAssertions.ShouldThrow[TException](String reason, Object[] reasonParameters)
at Ncqrs.Tests.Domain.AggregateRootTests.Initiazling_from_wrong_history_with_wrong_sequence_should_throw_exception2() in C:\Users\Spobiega\Documents\Visual Studio 2010\Projects\ncqrs-git\Framework\src\Ncqrs.Tests\Domain\AggregateRootTests.cs:line 282
]]></stack-trace>
                        </failure>
                      </test-case>
                      <test-case name="Ncqrs.Tests.Domain.AggregateRootTests.It_could_not_be_loaded_from_history_when_it_already_contains_uncommitted_events" executed="True" result="Failure" success="False" time="0.002" asserts="0">
                        <failure>
                          <message><![CDATA[Expected <System.InvalidOperationException>, but no exception was thrown.]]></message>
                          <stack-trace><![CDATA[at FluentAssertions.Frameworks.LateBoundTestFramework.Throw(String message)
at FluentAssertions.ActionAssertions.ShouldThrow[TException](String reason, Object[] reasonParameters)
at Ncqrs.Tests.Domain.AggregateRootTests.It_could_not_be_loaded_from_history_when_it_already_contains_uncommitted_events() in C:\Users\Spobiega\Documents\Visual Studio 2010\Projects\ncqrs-git\Framework\src\Ncqrs.Tests\Domain\AggregateRootTests.cs:line 297
]]></stack-trace>
                        </failure>
                      </test-case>
                      <test-case name="Ncqrs.Tests.Domain.AggregateRootTests.It_should_initialize_with_a_new_id_given_by_the_generator_from_the_environment" executed="True" result="Success" success="True" time="0.002" asserts="0" />
                      <test-case name="Ncqrs.Tests.Domain.AggregateRootTests.It_should_initialize_with_no_uncommited_events" executed="True" result="Success" success="True" time="0.001" asserts="0" />
                      <test-case name="Ncqrs.Tests.Domain.AggregateRootTests.It_should_initialize_with_version_0" executed="True" result="Success" success="True" time="0.000" asserts="0" />
                      <test-case name="Ncqrs.Tests.Domain.AggregateRootTests.Loading_it_from_history_should_apply_all_events" executed="True" result="Success" success="True" time="0.002" asserts="0" />
                    </results>
                  </test-suite>
                  <test-suite type="TestFixture" name="EntityTests" executed="True" result="Success" success="True" time="0.020" asserts="0">
                    <results>
                      <test-case name="Ncqrs.Tests.Domain.EntityTests.Creating_an_entity_should_generate_event" executed="True" result="Success" success="True" time="0.011" asserts="0" />
                      <test-case name="Ncqrs.Tests.Domain.EntityTests.Entity_event_handlers_should_be_called_only_if_event_is_sourced_from_this_entty" executed="True" result="Success" success="True" time="0.008" asserts="2" />
                    </results>
                  </test-suite>
                  <test-suite type="TestFixture" name="EventNotHandledExceptionTests" executed="True" result="Success" success="True" time="0.007" asserts="0">
                    <results>
                      <test-case name="Ncqrs.Tests.Domain.EventNotHandledExceptionTests.Constructing_an_instance_should_initialize_the_event" executed="True" result="Success" success="True" time="0.000" asserts="0" />
                      <test-case name="Ncqrs.Tests.Domain.EventNotHandledExceptionTests.Constructing_an_instance_should_initialize_the_inner_exception" executed="True" result="Success" success="True" time="0.001" asserts="0" />
                      <test-case name="Ncqrs.Tests.Domain.EventNotHandledExceptionTests.Constructing_an_instance_should_initialize_the_message" executed="True" result="Success" success="True" time="0.001" asserts="0" />
                      <test-case name="Ncqrs.Tests.Domain.EventNotHandledExceptionTests.It_should_be_serializable" executed="True" result="Success" success="True" time="0.002" asserts="0" />
                    </results>
                  </test-suite>
                  <test-suite type="TestFixture" name="NoUnitOfWorkAvailableInThisContextExceptionTests" executed="True" result="Success" success="True" time="0.005" asserts="0">
                    <results>
                      <test-case name="Ncqrs.Tests.Domain.NoUnitOfWorkAvailableInThisContextExceptionTests.Constructing_an_instance_should_initialize_the_inner_exception" executed="True" result="Success" success="True" time="0.001" asserts="0" />
                      <test-case name="Ncqrs.Tests.Domain.NoUnitOfWorkAvailableInThisContextExceptionTests.Constructing_an_instance_should_initialize_the_message" executed="True" result="Success" success="True" time="0.001" asserts="0" />
                      <test-case name="Ncqrs.Tests.Domain.NoUnitOfWorkAvailableInThisContextExceptionTests.It_should_be_serializable" executed="True" result="Success" success="True" time="0.002" asserts="0" />
                    </results>
                  </test-suite>
                  <test-suite type="Namespace" name="Storage" executed="True" result="Success" success="True" time="0.066" asserts="0">
                    <results>
                      <test-suite type="TestFixture" name="AggregateRootCreationExceptionTests" executed="True" result="Success" success="True" time="0.005" asserts="0">
                        <results>
                          <test-case name="Ncqrs.Tests.Domain.Storage.AggregateRootCreationExceptionTests.Constructing_an_instance_should_initialize_the_inner_exception" executed="True" result="Success" success="True" time="0.001" asserts="0" />
                          <test-case name="Ncqrs.Tests.Domain.Storage.AggregateRootCreationExceptionTests.Constructing_an_instance_should_initialize_the_message" executed="True" result="Success" success="True" time="0.000" asserts="0" />
                          <test-case name="Ncqrs.Tests.Domain.Storage.AggregateRootCreationExceptionTests.It_should_be_serializable" executed="True" result="Success" success="True" time="0.001" asserts="0" />
                        </results>
                      </test-suite>
                      <test-suite type="TestFixture" name="DomainRepositoryTests" executed="True" result="Success" success="True" time="0.046" asserts="0">
                        <results>
                          <test-case name="Ncqrs.Tests.Domain.Storage.DomainRepositoryTests.Save_test" executed="True" result="Success" success="True" time="0.045" asserts="0" />
                        </results>
                      </test-suite>
                      <test-suite type="TestFixture" name="SimpleAggregateRootCreationStrategyTests" executed="True" result="Success" success="True" time="0.009" asserts="0">
                        <results>
                          <test-case name="Ncqrs.Tests.Domain.Storage.SimpleAggregateRootCreationStrategyTests.Creating_instance_should_succeed_when_type_is_subclass_of_AggregateRoot_and_has_default_ctor" executed="True" result="Success" success="True" time="0.001" asserts="0" />
                          <test-case name="Ncqrs.Tests.Domain.Storage.SimpleAggregateRootCreationStrategyTests.Creating_non_aggregate_root_type_should_throw" executed="True" result="Success" success="True" time="0.002" asserts="0" />
                          <test-case name="Ncqrs.Tests.Domain.Storage.SimpleAggregateRootCreationStrategyTests.Creating_without_default_ctor_should_throw" executed="True" result="Success" success="True" time="0.004" asserts="0" />
                          <test-case name="Ncqrs.Tests.Domain.Storage.SimpleAggregateRootCreationStrategyTests.Creation_result_by_correct_type_should_be_of_specified_type" executed="True" result="Success" success="True" time="0.001" asserts="0" />
                          <test-case name="Ncqrs.Tests.Domain.Storage.SimpleAggregateRootCreationStrategyTests.Creation_result_by_correct_type_should_not_be_null" executed="True" result="Success" success="True" time="0.001" asserts="0" />
                        </results>
                      </test-suite>
                    </results>
                  </test-suite>
                  <test-suite type="TestFixture" name="TypeThresholdedActionBasedInternalEventHandlerSpecs" executed="True" result="Success" success="True" time="0.020" asserts="0">
                    <results>
                      <test-case name="Ncqrs.Tests.Domain.TypeThresholdedActionBasedInternalEventHandlerSpecs.Threshold_should_hold_event_when_it_is_of_a_higher_type_when_exact_is_true" executed="True" result="Success" success="True" time="0.005" asserts="0" />
                      <test-case name="Ncqrs.Tests.Domain.TypeThresholdedActionBasedInternalEventHandlerSpecs.Threshold_should_hold_event_when_it_is_of_a_lower_type_when_exact_is_false" executed="True" result="Success" success="True" time="0.001" asserts="0" />
                      <test-case name="Ncqrs.Tests.Domain.TypeThresholdedActionBasedInternalEventHandlerSpecs.Threshold_should_hold_event_when_it_is_of_a_lower_type_when_exact_is_true" executed="True" result="Success" success="True" time="0.001" asserts="0" />
                      <test-case name="Ncqrs.Tests.Domain.TypeThresholdedActionBasedInternalEventHandlerSpecs.Threshold_should_hold_event_when_it_is_of_the_same_type_when_exact_is_true" executed="True" result="Success" success="True" time="0.001" asserts="0" />
                      <test-case name="Ncqrs.Tests.Domain.TypeThresholdedActionBasedInternalEventHandlerSpecs.Threshold_should_not_hold_event_when_it_is_of_a_higher_type_when_exact_is_false" executed="True" result="Success" success="True" time="0.011" asserts="0" />
                    </results>
                  </test-suite>
                </results>
              </test-suite>
              <test-suite type="Namespace" name="Eventing" executed="True" result="Success" success="True" time="0.966" asserts="0">
                <results>
                  <test-suite type="TestFixture" name="EventBaseSpecs" executed="True" result="Success" success="True" time="0.065" asserts="0">
                    <results>
                      <test-case name="Ncqrs.Tests.Eventing.EventBaseSpecs.Constructing_a_new_event_base_it_should_call_the_GenerateNewId_method_from_the_generator_that_has_been_set_in_the_environment" executed="True" result="Success" success="True" time="0.029" asserts="0" />
                      <test-case name="Ncqrs.Tests.Eventing.EventBaseSpecs.Constructing_a_new_event_base_it_should_set_the_event_identifier_to_identifier_that_has_been_given_from_the_IUniqueIdentifierGenerator_from_the_NcqrsEnvironment" executed="True" result="Success" success="True" time="0.009" asserts="0" />
                      <test-case name="Ncqrs.Tests.Eventing.EventBaseSpecs.Constructing_a_new_event_base_it_should_set_the_event_time_stap_to_the_time_given_by_the_IClock_from_the_NcqrsEnvironment" executed="True" result="Success" success="True" time="0.027" asserts="0" />
                    </results>
                  </test-suite>
                  <test-suite type="Namespace" name="ServiceModel" executed="True" result="Success" success="True" time="0.076" asserts="0">
                    <results>
                      <test-suite type="Namespace" name="Bus" executed="True" result="Success" success="True" time="0.075" asserts="0">
                        <results>
                          <test-suite type="TestFixture" name="InProcessEventBusSpecs" executed="True" result="Success" success="True" time="0.073" asserts="0">
                            <results>
                              <test-case name="Ncqrs.Tests.Eventing.ServiceModel.Bus.InProcessEventBusSpecs.Registering_handler_via_generic_overload_should_also_add_the_handler" executed="True" result="Success" success="True" time="0.034" asserts="0" />
                              <test-case name="Ncqrs.Tests.Eventing.ServiceModel.Bus.InProcessEventBusSpecs.When_a_catch_all_handler_is_register_it_should_be_called_for_all_events" executed="True" result="Success" success="True" time="0.021" asserts="0" />
                              <test-case name="Ncqrs.Tests.Eventing.ServiceModel.Bus.InProcessEventBusSpecs.When_a_handler_is_registered_for_a_specific_type_it_should_not_receive_other_events" executed="True" result="Success" success="True" time="0.002" asserts="0" />
                              <test-case name="Ncqrs.Tests.Eventing.ServiceModel.Bus.InProcessEventBusSpecs.When_a_multiple_catch_all_handler_are_registered_for_they_should_all_been_called" executed="True" result="Success" success="True" time="0.005" asserts="0" />
                              <test-case name="Ncqrs.Tests.Eventing.ServiceModel.Bus.InProcessEventBusSpecs.When_a_multiple_specific_handlers_are_register_they_all_should_be_called_when_the_specific_event_is_published" executed="True" result="Success" success="True" time="0.004" asserts="0" />
                              <test-case name="Ncqrs.Tests.Eventing.ServiceModel.Bus.InProcessEventBusSpecs.When_multiple_messages_are_published_and_a_specific_handler_is_register_oply_the_matching_events_should_be_received_at_the_handler" executed="True" result="Success" success="True" time="0.003" asserts="0" />
                              <test-case name="Ncqrs.Tests.Eventing.ServiceModel.Bus.InProcessEventBusSpecs.When_multiple_messages_are_published_at_once_they_all_should_be_published" executed="True" result="Success" success="True" time="0.003" asserts="0" />
                            </results>
                          </test-suite>
                        </results>
                      </test-suite>
                    </results>
                  </test-suite>
                  <test-suite type="Namespace" name="Sourcing" executed="True" result="Success" success="True" time="0.081" asserts="0">
                    <results>
                      <test-suite type="Namespace" name="Mapping" executed="True" result="Success" success="True" time="0.063" asserts="0">
                        <results>
                          <test-suite type="TestFixture" name="AttributeBasedDomainEventHandlerMappingStrategyTests" executed="True" result="Success" success="True" time="0.015" asserts="0">
                            <results>
                              <test-case name="Ncqrs.Tests.Eventing.Sourcing.Mapping.AttributeBasedDomainEventHandlerMappingStrategyTests.It_should_create_the_correct_event_handlers" executed="True" result="Success" success="True" time="0.007" asserts="0" />
                              <test-case name="Ncqrs.Tests.Eventing.Sourcing.Mapping.AttributeBasedDomainEventHandlerMappingStrategyTests.It_should_map_the_mapped_events" executed="True" result="Success" success="True" time="0.001" asserts="0" />
                              <test-case name="Ncqrs.Tests.Eventing.Sourcing.Mapping.AttributeBasedDomainEventHandlerMappingStrategyTests.It_should_throw_an_exception_when_mapped_method_does_have_more_then_one_parameter" executed="True" result="Success" success="True" time="0.002" asserts="0" />
                              <test-case name="Ncqrs.Tests.Eventing.Sourcing.Mapping.AttributeBasedDomainEventHandlerMappingStrategyTests.It_should_throw_an_exception_when_mapped_method_does_not_have_a_DomainEvent_as_parameter" executed="True" result="Success" success="True" time="0.001" asserts="0" />
                              <test-case name="Ncqrs.Tests.Eventing.Sourcing.Mapping.AttributeBasedDomainEventHandlerMappingStrategyTests.It_should_throw_an_exception_when_mapped_method_does_not_have_a_parameter" executed="True" result="Success" success="True" time="0.002" asserts="0" />
                              <test-case name="Ncqrs.Tests.Eventing.Sourcing.Mapping.AttributeBasedDomainEventHandlerMappingStrategyTests.It_should_throw_an_exception_when_mapped_method_is_static" executed="True" result="Success" success="True" time="0.001" asserts="0" />
                            </results>
                          </test-suite>
                          <test-suite type="TestFixture" name="ConventionBasedDomainEventHandlerMappingStrategyTests" executed="True" result="Success" success="True" time="0.019" asserts="0">
                            <results>
                              <test-case name="Ncqrs.Tests.Eventing.Sourcing.Mapping.ConventionBasedDomainEventHandlerMappingStrategyTests.It_should_create_the_correct_event_handlers" executed="True" result="Success" success="True" time="0.005" asserts="0" />
                              <test-case name="Ncqrs.Tests.Eventing.Sourcing.Mapping.ConventionBasedDomainEventHandlerMappingStrategyTests.It_should_map_the_mapped_events" executed="True" result="Success" success="True" time="0.005" asserts="0" />
                              <test-case name="Ncqrs.Tests.Eventing.Sourcing.Mapping.ConventionBasedDomainEventHandlerMappingStrategyTests.It_should_skip_when_mapped_method_does_have_more_then_one_parameter" executed="True" result="Success" success="True" time="0.004" asserts="0" />
                              <test-case name="Ncqrs.Tests.Eventing.Sourcing.Mapping.ConventionBasedDomainEventHandlerMappingStrategyTests.It_should_skip_when_mapped_method_does_not_have_a_EventBaseType_as_parameter" executed="True" result="Success" success="True" time="0.001" asserts="0" />
                              <test-case name="Ncqrs.Tests.Eventing.Sourcing.Mapping.ConventionBasedDomainEventHandlerMappingStrategyTests.It_should_skip_when_mapped_method_does_not_have_a_parameter" executed="True" result="Success" success="True" time="0.001" asserts="0" />
                              <test-case name="Ncqrs.Tests.Eventing.Sourcing.Mapping.ConventionBasedDomainEventHandlerMappingStrategyTests.It_should_skip_when_mapped_method_is_static" executed="True" result="Success" success="True" time="0.002" asserts="0" />
                            </results>
                          </test-suite>
                          <test-suite type="TestFixture" name="ExpressionBasedDomainEventHandlerMappingStrategyTests" executed="True" result="Success" success="True" time="0.015" asserts="0">
                            <results>
                              <test-case name="Ncqrs.Tests.Eventing.Sourcing.Mapping.ExpressionBasedDomainEventHandlerMappingStrategyTests.It_should_create_the_correct_event_handlers" executed="True" result="Success" success="True" time="0.005" asserts="0" />
                              <test-case name="Ncqrs.Tests.Eventing.Sourcing.Mapping.ExpressionBasedDomainEventHandlerMappingStrategyTests.It_should_handle_event_when_there_is_no_exact_match_and_event_types_are_derived" executed="True" result="Success" success="True" time="0.002" asserts="0" />
                              <test-case name="Ncqrs.Tests.Eventing.Sourcing.Mapping.ExpressionBasedDomainEventHandlerMappingStrategyTests.It_should_map_the_mapped_events" executed="True" result="Success" success="True" time="0.001" asserts="0" />
                              <test-case name="Ncqrs.Tests.Eventing.Sourcing.Mapping.ExpressionBasedDomainEventHandlerMappingStrategyTests.It_should_not_handle_event_when_there_is_a_mapping_inheritance_type_mismatch" executed="True" result="Success" success="True" time="0.002" asserts="0" />
                              <test-case name="Ncqrs.Tests.Eventing.Sourcing.Mapping.ExpressionBasedDomainEventHandlerMappingStrategyTests.It_should_not_handle_event_when_there_needs_to_be_an_exact_match_and_event_types_are_derived" executed="True" result="Success" success="True" time="0.003" asserts="0" />
                              <test-case name="Ncqrs.Tests.Eventing.Sourcing.Mapping.ExpressionBasedDomainEventHandlerMappingStrategyTests.It_should_throw_an_exception_when_mapped_method_is_static" executed="True" result="Success" success="True" time="0.001" asserts="0" />
                            </results>
                          </test-suite>
                          <test-suite type="TestFixture" name="InvalidEventHandlerMappingExceptionTests" executed="True" result="Success" success="True" time="0.004" asserts="0">
                            <results>
                              <test-case name="Ncqrs.Tests.Eventing.Sourcing.Mapping.InvalidEventHandlerMappingExceptionTests.Constructing_an_instance_should_initialize_the_inner_exception" executed="True" result="Success" success="True" time="0.001" asserts="0" />
                              <test-case name="Ncqrs.Tests.Eventing.Sourcing.Mapping.InvalidEventHandlerMappingExceptionTests.Constructing_an_instance_should_initialize_the_message" executed="True" result="Success" success="True" time="0.000" asserts="0" />
                              <test-case name="Ncqrs.Tests.Eventing.Sourcing.Mapping.InvalidEventHandlerMappingExceptionTests.It_should_be_serializable" executed="True" result="Success" success="True" time="0.002" asserts="0" />
                            </results>
                          </test-suite>
                        </results>
                      </test-suite>
                      <test-suite type="TestFixture" name="SourcedEventStreamTests" executed="True" result="Success" success="True" time="0.013" asserts="0">
                        <results>
                          <test-case name="Ncqrs.Tests.Eventing.Sourcing.SourcedEventStreamTests.Adding_first_event_should_cause_IsEmpty_property_to_be_false" executed="True" result="Success" success="True" time="0.006" asserts="0" />
                          <test-case name="Ncqrs.Tests.Eventing.Sourcing.SourcedEventStreamTests.Appending_an_event_should_cause_the_event_owner_info_to_be_set" executed="True" result="Success" success="True" time="0.001" asserts="0" />
                          <test-case name="Ncqrs.Tests.Eventing.Sourcing.SourcedEventStreamTests.Appending_an_event_that_does_not_hold_EventSourceId_and_Sequence_should_be_accepted" executed="True" result="Success" success="True" time="0.002" asserts="0" />
                          <test-case name="Ncqrs.Tests.Eventing.Sourcing.SourcedEventStreamTests.Appending_an_event_while_it_is_not_owned_by_any_source_should_cause_an_exception" executed="True" result="Success" success="True" time="0.001" asserts="0" />
                          <test-case name="Ncqrs.Tests.Eventing.Sourcing.SourcedEventStreamTests.Appending_an_event_with_sequence_should_cause_an_exception" executed="True" result="Success" success="True" time="0.001" asserts="0" />
                          <test-case name="Ncqrs.Tests.Eventing.Sourcing.SourcedEventStreamTests.Setting_the_event_source_id_while_there_are_already_events_in_the_stream_should_cause_exception" executed="True" result="Success" success="True" time="0.002" asserts="0" />
                        </results>
                      </test-suite>
                    </results>
                  </test-suite>
                  <test-suite type="Namespace" name="Storage" executed="True" result="Success" success="True" time="0.710" asserts="0">
                    <results>
                      <test-suite type="TestFixture" name="AttributeEventTypeResolverTests" executed="True" result="Success" success="True" time="0.021" asserts="0">
                        <results>
                          <test-case name="Ncqrs.Tests.Eventing.Storage.AttributeEventTypeResolverTests.Aliases_do_not_count_as_a_name" executed="True" result="Success" success="True" time="0.005" asserts="1" />
                          <test-case name="Ncqrs.Tests.Eventing.Storage.AttributeEventTypeResolverTests.Does_not_error_when_adding_event_twice" executed="True" result="Success" success="True" time="0.003" asserts="0" />
                          <test-case name="Ncqrs.Tests.Eventing.Storage.AttributeEventTypeResolverTests.Does_not_use_alias_when_resolving_event_name" executed="True" result="Success" success="True" time="0.002" asserts="0" />
                          <test-case name="Ncqrs.Tests.Eventing.Storage.AttributeEventTypeResolverTests.Resolves_alias_to_type" executed="True" result="Success" success="True" time="0.001" asserts="0" />
                          <test-case name="Ncqrs.Tests.Eventing.Storage.AttributeEventTypeResolverTests.Resolves_event_names_to_types" executed="True" result="Success" success="True" time="0.001" asserts="0" />
                          <test-case name="Ncqrs.Tests.Eventing.Storage.AttributeEventTypeResolverTests.Resolves_types_to_event_names" executed="True" result="Success" success="True" time="0.000" asserts="0" />
                          <test-case name="Ncqrs.Tests.Eventing.Storage.AttributeEventTypeResolverTests.Throws_if_adding_aliases_that_exists" executed="True" result="Success" success="True" time="0.001" asserts="1" />
                          <test-case name="Ncqrs.Tests.Eventing.Storage.AttributeEventTypeResolverTests.Throws_if_adding_events_with_same_name" executed="True" result="Success" success="True" time="0.001" asserts="1" />
                          <test-case name="Ncqrs.Tests.Eventing.Storage.AttributeEventTypeResolverTests.Throws_if_event_does_not_have_a_name" executed="True" result="Success" success="True" time="0.001" asserts="1" />
                          <test-case name="Ncqrs.Tests.Eventing.Storage.AttributeEventTypeResolverTests.Throws_if_event_name_is_empty" executed="True" result="Success" success="True" time="0.001" asserts="1" />
                          <test-case name="Ncqrs.Tests.Eventing.Storage.AttributeEventTypeResolverTests.Throws_if_event_type_does_not_inherit_IEvent" executed="True" result="Success" success="True" time="0.001" asserts="1" />
                        </results>
                      </test-suite>
                      <test-suite type="TestFixture" name="ConcurrencyExceptionSpecs" executed="True" result="Success" success="True" time="0.003" asserts="0">
                        <results>
                          <test-case name="Ncqrs.Tests.Eventing.Storage.ConcurrencyExceptionSpecs.Constructing_it_should_initialize_the_right_members" executed="True" result="Success" success="True" time="0.002" asserts="0" />
                          <test-case name="Ncqrs.Tests.Eventing.Storage.ConcurrencyExceptionSpecs.It_should_be_serializable" executed="True" result="Success" success="True" time="0.001" asserts="0" />
                        </results>
                      </test-suite>
                      <test-suite type="TestFixture" name="InMemoryEventStoreSpecs" executed="True" result="Success" success="True" time="0.007" asserts="0">
                        <results>
                          <test-case name="Ncqrs.Tests.Eventing.Storage.InMemoryEventStoreSpecs.When_getting_all_event_from_a_non_existing_event_source_the_result_should_be_empty" executed="True" result="Success" success="True" time="0.004" asserts="0" />
                          <test-case name="Ncqrs.Tests.Eventing.Storage.InMemoryEventStoreSpecs.When_getting_all_event_from_an_existing_event_source_the_result_should_be_all_events_stored_for_that_event_source" executed="True" result="Success" success="True" time="0.002" asserts="0" />
                        </results>
                      </test-suite>
                      <test-suite type="TestFixture" name="PropertyBagConverterTests" executed="True" result="Success" success="True" time="0.011" asserts="0">
                        <results>
                          <test-case name="Ncqrs.Tests.Eventing.Storage.PropertyBagConverterTests.Restoration_of_an_event_from_a_property_bag_containing_nulls_should_not_fail" executed="True" result="Success" success="True" time="0.010" asserts="0" />
                        </results>
                      </test-suite>
                      <test-suite type="TestFixture" name="PropertyBagTests" executed="True" result="Success" success="True" time="0.046" asserts="0">
                        <results>
                          <test-case name="Ncqrs.Tests.Eventing.Storage.PropertyBagTests.Adding_the_same_property_twice_should_cause_exception" executed="True" result="Success" success="True" time="0.004" asserts="0" />
                          <test-case name="Ncqrs.Tests.Eventing.Storage.PropertyBagTests.An_new_instance_should_not_contain_any_properties" executed="True" result="Success" success="True" time="0.000" asserts="0" />
                          <test-case name="Ncqrs.Tests.Eventing.Storage.PropertyBagTests.Calling_AddPropertyValue_should_add_the_property_info" executed="True" result="Success" success="True" time="0.037" asserts="0" />
                          <test-case name="Ncqrs.Tests.Eventing.Storage.PropertyBagTests.Creating_a_bag_should_not_throw_exception" executed="True" result="Success" success="True" time="0.001" asserts="0" />
                          <test-case name="Ncqrs.Tests.Eventing.Storage.PropertyBagTests.EventName_information_should_match_initialized_name" executed="True" result="Success" success="True" time="0.000" asserts="0" />
                          <test-case name="Ncqrs.Tests.Eventing.Storage.PropertyBagTests.The_number_of_properties_should_be_equal_to_the_number_of_calls_to_AddPropertyValue" executed="True" result="Success" success="True" time="0.001" asserts="0" />
                        </results>
                      </test-suite>
                      <test-suite type="Namespace" name="Serialization" executed="True" result="Success" success="True" time="0.138" asserts="0">
                        <results>
                          <test-suite type="TestFixture" name="EventConverterTests" executed="True" result="Success" success="True" time="0.075" asserts="0">
                            <results>
                              <test-case name="Ncqrs.Tests.Eventing.Storage.Serialization.EventConverterTests.AddConverter_ByName" executed="True" result="Success" success="True" time="0.047" asserts="0" />
                              <test-case name="Ncqrs.Tests.Eventing.Storage.Serialization.EventConverterTests.AddConverter_ByName_converter_null" executed="True" result="Success" success="True" time="0.002" asserts="1" />
                              <test-case name="Ncqrs.Tests.Eventing.Storage.Serialization.EventConverterTests.AddConverter_ByName_eventName_null" executed="True" result="Success" success="True" time="0.001" asserts="1" />
                              <test-case name="Ncqrs.Tests.Eventing.Storage.Serialization.EventConverterTests.AddConverter_ByType" executed="True" result="Success" success="True" time="0.002" asserts="0" />
                              <test-case name="Ncqrs.Tests.Eventing.Storage.Serialization.EventConverterTests.AddConverter_ByType_converter_null" executed="True" result="Success" success="True" time="0.001" asserts="1" />
                              <test-case name="Ncqrs.Tests.Eventing.Storage.Serialization.EventConverterTests.AddConverter_ByType_eventType_null" executed="True" result="Success" success="True" time="0.002" asserts="1" />
                              <test-case name="Ncqrs.Tests.Eventing.Storage.Serialization.EventConverterTests.AddConverter_duplicate_name" executed="True" result="Success" success="True" time="0.003" asserts="1" />
                              <test-case name="Ncqrs.Tests.Eventing.Storage.Serialization.EventConverterTests.Ctor" executed="True" result="Success" success="True" time="0.001" asserts="0" />
                              <test-case name="Ncqrs.Tests.Eventing.Storage.Serialization.EventConverterTests.Ctor_typeResolver_null" executed="True" result="Success" success="True" time="0.001" asserts="1" />
                              <test-case name="Ncqrs.Tests.Eventing.Storage.Serialization.EventConverterTests.Upgrade" executed="True" result="Success" success="True" time="0.003" asserts="0" />
                              <test-case name="Ncqrs.Tests.Eventing.Storage.Serialization.EventConverterTests.Upgrade_theEvent_null" executed="True" result="Success" success="True" time="0.001" asserts="1" />
                              <test-case name="Ncqrs.Tests.Eventing.Storage.Serialization.EventConverterTests.Upgrade_unknown_event" executed="True" result="Success" success="True" time="0.001" asserts="0" />
                            </results>
                          </test-suite>
                          <test-suite type="TestFixture" name="JsonEventFormatterTests" executed="True" result="Success" success="True" time="0.034" asserts="0">
                            <results>
                              <test-case name="Ncqrs.Tests.Eventing.Storage.Serialization.JsonEventFormatterTests.Ctor" executed="True" result="Success" success="True" time="0.001" asserts="0" />
                              <test-case name="Ncqrs.Tests.Eventing.Storage.Serialization.JsonEventFormatterTests.Ctor_typeResolver_null" executed="True" result="Success" success="True" time="0.001" asserts="1" />
                              <test-case name="Ncqrs.Tests.Eventing.Storage.Serialization.JsonEventFormatterTests.Deserialize" executed="True" result="Success" success="True" time="0.020" asserts="0" />
                              <test-case name="Ncqrs.Tests.Eventing.Storage.Serialization.JsonEventFormatterTests.Deserialize_obj_null" executed="True" result="Success" success="True" time="0.002" asserts="1" />
                              <test-case name="Ncqrs.Tests.Eventing.Storage.Serialization.JsonEventFormatterTests.Serialize" executed="False" result="Ignored">
                                <reason>
                                  <message><![CDATA[Throwing an error about not finding NUnit.dll - not sure why...]]></message>
                                </reason>
                              </test-case>
                              <test-case name="Ncqrs.Tests.Eventing.Storage.Serialization.JsonEventFormatterTests.Serialize_theEvent_null" executed="True" result="Success" success="True" time="0.003" asserts="1" />
                            </results>
                          </test-suite>
                          <test-suite type="TestFixture" name="StringEventTranslatorTests" executed="True" result="Success" success="True" time="0.022" asserts="0">
                            <results>
                              <test-case name="Ncqrs.Tests.Eventing.Storage.Serialization.StringEventTranslatorTests.Dates_respect_timezone" executed="True" result="Success" success="True" time="0.006" asserts="0" />
                              <test-case name="Ncqrs.Tests.Eventing.Storage.Serialization.StringEventTranslatorTests.Dates_use_iso_format" executed="True" result="Success" success="True" time="0.000" asserts="0" />
                              <test-case name="Ncqrs.Tests.Eventing.Storage.Serialization.StringEventTranslatorTests.TranslateToCommon" executed="True" result="Success" success="True" time="0.002" asserts="0" />
                              <test-case name="Ncqrs.Tests.Eventing.Storage.Serialization.StringEventTranslatorTests.TranslateToCommon_obj_null" executed="True" result="Success" success="True" time="0.001" asserts="1" />
                              <test-case name="Ncqrs.Tests.Eventing.Storage.Serialization.StringEventTranslatorTests.TranslateToRaw" executed="True" result="Success" success="True" time="0.010" asserts="0" />
                              <test-case name="Ncqrs.Tests.Eventing.Storage.Serialization.StringEventTranslatorTests.TranslateToRaw_obj_null" executed="True" result="Success" success="True" time="0.001" asserts="1" />
                            </results>
                          </test-suite>
                        </results>
                      </test-suite>
                      <test-suite type="TestFixture" name="SimpleEventTypeResolverTests" executed="True" result="Success" success="True" time="0.004" asserts="0">
                        <results>
                          <test-case name="Ncqrs.Tests.Eventing.Storage.SimpleEventTypeResolverTests.Resolves_event_names_to_types" executed="True" result="Success" success="True" time="0.000" asserts="0" />
                          <test-case name="Ncqrs.Tests.Eventing.Storage.SimpleEventTypeResolverTests.Resolves_types_to_event_names" executed="True" result="Success" success="True" time="0.001" asserts="0" />
                        </results>
                      </test-suite>
                      <test-suite type="Namespace" name="SQL" executed="True" result="Inconclusive" success="False" time="0.455" asserts="0">
                        <results>
                          <test-suite type="TestFixture" name="MsSqlServerEventStoreTests" executed="True" result="Inconclusive" success="False" time="0.452" asserts="0">
                            <categories>
                              <category name="Integration" />
                            </categories>
                            <results>
                              <test-case name="Ncqrs.Tests.Eventing.Storage.SQL.MsSqlServerEventStoreTests.Retrieving_table_creation_queries_should_return_dll" executed="False" result="Ignored">
                                <reason>
                                  <message><![CDATA[SetUp : No connection could be made with SQL server: Cannot open database "MsSqlServerEventStoreTestEventStore" requested by the login. The login failed.
Login failed for user 'CORP\SPobiega'.]]></message>
                                </reason>
                              </test-case>
                              <test-case name="Ncqrs.Tests.Eventing.Storage.SQL.MsSqlServerEventStoreTests.Saving_snapshot_should_not_throw_an_exception_when_snapshot_is_valid" executed="False" result="Ignored">
                                <reason>
                                  <message><![CDATA[SetUp : No connection could be made with SQL server: Cannot open database "MsSqlServerEventStoreTestEventStore" requested by the login. The login failed.
Login failed for user 'CORP\SPobiega'.]]></message>
                                </reason>
                              </test-case>
                              <test-case name="Ncqrs.Tests.Eventing.Storage.SQL.MsSqlServerEventStoreTests.Storing_event_source_should_succeed" executed="False" result="Ignored">
                                <reason>
                                  <message><![CDATA[SetUp : No connection could be made with SQL server: Cannot open database "MsSqlServerEventStoreTestEventStore" requested by the login. The login failed.
Login failed for user 'CORP\SPobiega'.]]></message>
                                </reason>
                              </test-case>
                            </results>
                          </test-suite>
                        </results>
                      </test-suite>
                    </results>
                  </test-suite>
                  <test-suite type="TestFixture" name="UncommittedEventStreamTests" executed="True" result="Success" success="True" time="0.006" asserts="0">
                    <results>
                      <test-case name="Ncqrs.Tests.Eventing.UncommittedEventStreamTests.When_contains_multpile_events_from_different_sources_should_indicate_non_single_source" executed="True" result="Success" success="True" time="0.002" asserts="1" />
                      <test-case name="Ncqrs.Tests.Eventing.UncommittedEventStreamTests.When_contains_multpile_events_from_same_source_should_indicate_a_single_source" executed="True" result="Success" success="True" time="0.001" asserts="1" />
                      <test-case name="Ncqrs.Tests.Eventing.UncommittedEventStreamTests.When_contains_single_event_should_indicate_a_single_source" executed="True" result="Success" success="True" time="0.001" asserts="1" />
                      <test-case name="Ncqrs.Tests.Eventing.UncommittedEventStreamTests.When_empty_should_indicate_a_single_source" executed="True" result="Success" success="True" time="0.000" asserts="1" />
                    </results>
                  </test-suite>
                </results>
              </test-suite>
              <test-suite type="TestFixture" name="GuidCombGeneratorTests" executed="True" result="Success" success="True" time="2.730" asserts="0">
                <results>
                  <test-case name="Ncqrs.Tests.GuidCombGeneratorTests.Calling_generate_multiple_times_should_return_unique_results" executed="True" result="Success" success="True" time="2.730" asserts="0" />
                </results>
              </test-suite>
              <test-suite type="TestFixture" name="InternalExtensionsTests" executed="True" result="Success" success="True" time="0.053" asserts="0">
                <results>
                  <test-case name="Ncqrs.Tests.InternalExtensionsTests.Clone_should_return_list_with_same_values" executed="True" result="Success" success="True" time="0.018" asserts="0" />
                  <test-case name="Ncqrs.Tests.InternalExtensionsTests.Clone_should_return_other_instance" executed="True" result="Success" success="True" time="0.009" asserts="1" />
                  <test-case name="Ncqrs.Tests.InternalExtensionsTests.Clone_should_throw_ArgumentNullException_when_source_is_null" executed="True" result="Success" success="True" time="0.001" asserts="0" />
                  <test-case name="Ncqrs.Tests.InternalExtensionsTests.Implements_generic_should_return_false_when_source_does_not_implement_the_interface" executed="True" result="Success" success="True" time="0.001" asserts="0" />
                  <test-case name="Ncqrs.Tests.InternalExtensionsTests.Implements_generic_should_return_true_when_source_does_implement_the_interface" executed="True" result="Success" success="True" time="0.000" asserts="0" />
                  <test-case name="Ncqrs.Tests.InternalExtensionsTests.Implements_generic_should_throw_when_interfaceType_is_not_an_interface_type" executed="True" result="Success" success="True" time="0.001" asserts="0" />
                  <test-case name="Ncqrs.Tests.InternalExtensionsTests.Implements_should_return_false_when_source_does_not_implement_the_interface" executed="True" result="Success" success="True" time="0.001" asserts="0" />
                  <test-case name="Ncqrs.Tests.InternalExtensionsTests.Implements_should_return_true_when_source_does_implement_the_interface" executed="True" result="Success" success="True" time="0.000" asserts="0" />
                  <test-case name="Ncqrs.Tests.InternalExtensionsTests.Implements_should_throw_when_interfaceType_is_not_an_interface_type" executed="True" result="Success" success="True" time="0.002" asserts="0" />
                  <test-case name="Ncqrs.Tests.InternalExtensionsTests.Implements_should_throw_when_interfaceType_is_null" executed="True" result="Success" success="True" time="0.001" asserts="0" />
                  <test-case name="Ncqrs.Tests.InternalExtensionsTests.Implements_should_throw_when_source_is_null" executed="True" result="Success" success="True" time="0.001" asserts="0" />
                  <test-case name="Ncqrs.Tests.InternalExtensionsTests.IsEmpty_should_return_false_on_non_empty_array" executed="True" result="Success" success="True" time="0.001" asserts="1" />
                  <test-case name="Ncqrs.Tests.InternalExtensionsTests.IsEmpty_should_return_false_on_non_empty_list" executed="True" result="Success" success="True" time="0.000" asserts="1" />
                  <test-case name="Ncqrs.Tests.InternalExtensionsTests.IsEmpty_should_return_true_on_empty_array" executed="True" result="Success" success="True" time="0.001" asserts="1" />
                  <test-case name="Ncqrs.Tests.InternalExtensionsTests.IsEmpty_should_return_true_on_empty_list" executed="True" result="Success" success="True" time="0.000" asserts="1" />
                  <test-case name="Ncqrs.Tests.InternalExtensionsTests.IsEmpty_should_throw_ArgumentNullException_on_null_reference" executed="True" result="Success" success="True" time="0.002" asserts="0" />
                  <test-case name="Ncqrs.Tests.InternalExtensionsTests.IsNullOrEmpty_should_return_false_on_string_with_text" executed="True" result="Success" success="True" time="0.000" asserts="0" />
                  <test-case name="Ncqrs.Tests.InternalExtensionsTests.IsNullOrEmpty_should_return_true_on_empty" executed="True" result="Success" success="True" time="0.001" asserts="0" />
                  <test-case name="Ncqrs.Tests.InternalExtensionsTests.IsNullOrEmpty_should_return_true_on_null" executed="True" result="Success" success="True" time="0.000" asserts="0" />
                </results>
              </test-suite>
              <test-suite type="TestFixture" name="NcqrsEnvironmentConfigurationExceptionSpecs" executed="True" result="Success" success="True" time="0.004" asserts="0">
                <results>
                  <test-case name="Ncqrs.Tests.NcqrsEnvironmentConfigurationExceptionSpecs.Constructing_an_instance_should_initialize_the_inner_exception" executed="True" result="Success" success="True" time="0.000" asserts="0" />
                  <test-case name="Ncqrs.Tests.NcqrsEnvironmentConfigurationExceptionSpecs.Constructing_an_instance_should_initialize_the_message" executed="True" result="Success" success="True" time="0.001" asserts="0" />
                  <test-case name="Ncqrs.Tests.NcqrsEnvironmentConfigurationExceptionSpecs.It_should_be_serializable" executed="True" result="Success" success="True" time="0.001" asserts="0" />
                </results>
              </test-suite>
              <test-suite type="TestFixture" name="NcqrsEnvironmentSpecs" executed="True" result="Success" success="True" time="0.072" asserts="0">
                <results>
                  <test-case name="Ncqrs.Tests.NcqrsEnvironmentSpecs.Configured_instance_should_over_rule_default" executed="True" result="Success" success="True" time="0.036" asserts="2" />
                  <test-case name="Ncqrs.Tests.NcqrsEnvironmentSpecs.Removing_a_default_while_there_is_no_default_registered_should_not_throw_an_exception" executed="True" result="Success" success="True" time="0.001" asserts="0" />
                  <test-case name="Ncqrs.Tests.NcqrsEnvironmentSpecs.Setting_a_default_should_multiple_times_should_not_throw_an_exception" executed="True" result="Success" success="True" time="0.020" asserts="0" />
                  <test-case name="Ncqrs.Tests.NcqrsEnvironmentSpecs.Setting_a_default_should_override_the_exiting_default" executed="True" result="Success" success="True" time="0.001" asserts="0" />
                  <test-case name="Ncqrs.Tests.NcqrsEnvironmentSpecs.When_get_is_called_but_the_source_did_not_return_an_intance_an_exception_should_be_thrown" executed="True" result="Success" success="True" time="0.002" asserts="0" />
                  <test-case name="Ncqrs.Tests.NcqrsEnvironmentSpecs.When_get_is_called_the_call_should_be_redirected_to_the_configuration" executed="True" result="Success" success="True" time="0.005" asserts="0" />
                  <test-case name="Ncqrs.Tests.NcqrsEnvironmentSpecs.When_get_is_called_the_call_should_return_what_the_environment_configuration_returned" executed="True" result="Success" success="True" time="0.002" asserts="0" />
                  <test-case name="Ncqrs.Tests.NcqrsEnvironmentSpecs.When_get_is_called_when_the_environmemt_is_not_configured_defaults_should_still_be_returned" executed="True" result="Success" success="True" time="0.000" asserts="0" />
                </results>
              </test-suite>
            </results>
          </test-suite>
        </results>
      </test-suite>
    </results>
  </test-suite>
</test-results>